Detecting C [-std=c11] compiler features failed to compile with the following output:
Change Dir: C:/Users/drewk/CLionProjects/PM2ASSIGNMENT1(#2)ADK98/cmake-build-debug/CMakeFiles/CMakeTmp

Run Build Command:"C:/PROGRA~1/MINGW-~1/X86_64~1.0-P/mingw64/bin/mingw32-make.exe" "cmTC_3f51c/fast"
C:/PROGRA~1/MINGW-~1/X86_64~1.0-P/mingw64/bin/mingw32-make.exe -f CMakeFiles\cmTC_3f51c.dir\build.make CMakeFiles/cmTC_3f51c.dir/build
mingw32-make.exe[1]: Entering directory 'C:/Users/drewk/CLionProjects/PM2ASSIGNMENT1(#2)ADK98/cmake-build-debug/CMakeFiles/CMakeTmp'
mingw32-make.exe[1]: *** No rule to make target 'C:/Users/drewk/CLionProjects/PM2ASSIGNMENT1(', needed by 'CMakeFiles/cmTC_3f51c.dir/feature_tests.c.obj'.  Stop.
mingw32-make.exe[1]: Leaving directory 'C:/Users/drewk/CLionProjects/PM2ASSIGNMENT1(#2)ADK98/cmake-build-debug/CMakeFiles/CMakeTmp'
mingw32-make.exe: *** [Makefile:120: cmTC_3f51c/fast] Error 2



Detecting CXX [-std=c++2a] compiler features failed to compile with the following output:
Change Dir: C:/Users/drewk/CLionProjects/PM2ASSIGNMENT1(#2)ADK98/cmake-build-debug/CMakeFiles/CMakeTmp

Run Build Command:"C:/PROGRA~1/MINGW-~1/X86_64~1.0-P/mingw64/bin/mingw32-make.exe" "cmTC_6c777/fast"
C:/PROGRA~1/MINGW-~1/X86_64~1.0-P/mingw64/bin/mingw32-make.exe -f CMakeFiles\cmTC_6c777.dir\build.make CMakeFiles/cmTC_6c777.dir/build
mingw32-make.exe[1]: Entering directory 'C:/Users/drewk/CLionProjects/PM2ASSIGNMENT1(#2)ADK98/cmake-build-debug/CMakeFiles/CMakeTmp'
mingw32-make.exe[1]: *** No rule to make target 'C:/Users/drewk/CLionProjects/PM2ASSIGNMENT1(', needed by 'CMakeFiles/cmTC_6c777.dir/feature_tests.cxx.obj'.  Stop.
mingw32-make.exe[1]: Leaving directory 'C:/Users/drewk/CLionProjects/PM2ASSIGNMENT1(#2)ADK98/cmake-build-debug/CMakeFiles/CMakeTmp'
mingw32-make.exe: *** [Makefile:120: cmTC_6c777/fast] Error 2



